# JRE version: OpenJDK Runtime Environment (11.0.15) (build 11.0.15+0-b2043.56-9505619)
# Java VM: OpenJDK 64-Bit Server VM (11.0.15+0-b2043.56-9505619, mixed mode, tiered, compressed oops, g1 gc, windows-amd64)
Heap:
 garbage-first heap   total 271360K, used 110810K [0x0000000080000000, 0x0000000100000000)
  region size 1024K, 12 young (12288K), 2 survivors (2048K)
 Metaspace       used 137957K, capacity 143394K, committed 143792K, reserved 1173504K
  class space    used 17050K, capacity 19063K, committed 19276K, reserved 1048576K
GC Heap History (20 events):
Event: 2579.017 GC heap before
{Heap before GC invocations=90 (full 0):
 garbage-first heap   total 271360K, used 118578K [0x0000000080000000, 0x0000000100000000)
  region size 1024K, 13 young (13312K), 5 survivors (5120K)
 Metaspace       used 137448K, capacity 142946K, committed 143280K, reserved 1173504K
  class space    used 17081K, capacity 19139K, committed 19276K, reserved 1048576K
}
Event: 2579.020 GC heap after
{Heap after GC invocations=91 (full 0):
 garbage-first heap   total 271360K, used 104624K [0x0000000080000000, 0x0000000100000000)
  region size 1024K, 2 young (2048K), 2 survivors (2048K)
 Metaspace       used 137448K, capacity 142946K, committed 143280K, reserved 1173504K
  class space    used 17081K, capacity 19139K, committed 19276K, reserved 1048576K
}
Event: 4369.630 GC heap before
{Heap before GC invocations=91 (full 0):
 garbage-first heap   total 271360K, used 208048K [0x0000000080000000, 0x0000000100000000)
  region size 1024K, 104 young (106496K), 2 survivors (2048K)
 Metaspace       used 137549K, capacity 143076K, committed 143280K, reserved 1173504K
  class space    used 17083K, capacity 19139K, committed 19276K, reserved 1048576K
}
Event: 4369.639 GC heap after
{Heap after GC invocations=92 (full 0):
 garbage-first heap   total 271360K, used 111175K [0x0000000080000000, 0x0000000100000000)
  region size 1024K, 9 young (9216K), 9 survivors (9216K)
 Metaspace       used 137549K, capacity 143076K, committed 143280K, reserved 1173504K
  class space    used 17083K, capacity 19139K, committed 19276K, reserved 1048576K
}
Event: 4370.842 GC heap before
{Heap before GC invocations=93 (full 0):
 garbage-first heap   total 271360K, used 211527K [0x0000000080000000, 0x0000000100000000)
  region size 1024K, 108 young (110592K), 9 survivors (9216K)
 Metaspace       used 137603K, capacity 142972K, committed 143536K, reserved 1173504K
  class space    used 17045K, capacity 19060K, committed 19276K, reserved 1048576K
}
Event: 4370.851 GC heap after
{Heap after GC invocations=94 (full 0):
 garbage-first heap   total 271360K, used 119443K [0x0000000080000000, 0x0000000100000000)
  region size 1024K, 10 young (10240K), 10 survivors (10240K)
 Metaspace       used 137603K, capacity 142972K, committed 143536K, reserved 1173504K
  class space    used 17045K, capacity 19060K, committed 19276K, reserved 1048576K
}
Event: 4370.891 GC heap before
{Heap before GC invocations=94 (full 0):
 garbage-first heap   total 271360K, used 124563K [0x0000000080000000, 0x0000000100000000)
  region size 1024K, 13 young (13312K), 10 survivors (10240K)
 Metaspace       used 137609K, capacity 142972K, committed 143536K, reserved 1173504K
  class space    used 17045K, capacity 19060K, committed 19276K, reserved 1048576K
}
Event: 4370.903 GC heap after
{Heap after GC invocations=95 (full 0):
 garbage-first heap   total 271360K, used 113877K [0x0000000080000000, 0x0000000100000000)
  region size 1024K, 2 young (2048K), 2 survivors (2048K)
 Metaspace       used 137609K, capacity 142972K, committed 143536K, reserved 1173504K
  class space    used 17045K, capacity 19060K, committed 19276K, reserved 1048576K
}
Event: 4371.231 GC heap before
{Heap before GC invocations=95 (full 0):
 garbage-first heap   total 271360K, used 175317K [0x0000000080000000, 0x0000000100000000)
  region size 1024K, 64 young (65536K), 2 survivors (2048K)
 Metaspace       used 137683K, capacity 143046K, committed 143536K, reserved 1173504K
  class space    used 17045K, capacity 19061K, committed 19276K, reserved 1048576K
}
Event: 4371.236 GC heap after
{Heap after GC invocations=96 (full 0):
 garbage-first heap   total 271360K, used 119300K [0x0000000080000000, 0x0000000100000000)
  region size 1024K, 8 young (8192K), 8 survivors (8192K)
 Metaspace       used 137683K, capacity 143046K, committed 143536K, reserved 1173504K
  class space    used 17045K, capacity 19061K, committed 19276K, reserved 1048576K
}
Event: 4455.506 GC heap before
{Heap before GC invocations=97 (full 0):
 garbage-first heap   total 271360K, used 255492K [0x0000000080000000, 0x0000000100000000)
  region size 1024K, 98 young (100352K), 8 survivors (8192K)
 Metaspace       used 137785K, capacity 143247K, committed 143792K, reserved 1173504K
  class space    used 17047K, capacity 19061K, committed 19276K, reserved 1048576K
}
Event: 4455.510 GC heap after
{Heap after GC invocations=98 (full 0):
 garbage-first heap   total 271360K, used 120514K [0x0000000080000000, 0x0000000100000000)
  region size 1024K, 3 young (3072K), 3 survivors (3072K)
 Metaspace       used 137785K, capacity 143247K, committed 143792K, reserved 1173504K
  class space    used 17047K, capacity 19061K, committed 19276K, reserved 1048576K
}
Event: 4455.565 GC heap before
{Heap before GC invocations=98 (full 0):
 garbage-first heap   total 271360K, used 130754K [0x0000000080000000, 0x0000000100000000)
  region size 1024K, 13 young (13312K), 3 survivors (3072K)
 Metaspace       used 137811K, capacity 143247K, committed 143792K, reserved 1173504K
  class space    used 17047K, capacity 19061K, committed 19276K, reserved 1048576K
}
Event: 4455.572 GC heap after
{Heap after GC invocations=99 (full 0):
 garbage-first heap   total 271360K, used 115200K [0x0000000080000000, 0x0000000100000000)
  region size 1024K, 2 young (2048K), 2 survivors (2048K)
 Metaspace       used 137811K, capacity 143247K, committed 143792K, reserved 1173504K
  class space    used 17047K, capacity 19061K, committed 19276K, reserved 1048576K
}
Event: 4455.728 GC heap before
{Heap before GC invocations=99 (full 0):
 garbage-first heap   total 271360K, used 138752K [0x0000000080000000, 0x0000000100000000)
  region size 1024K, 27 young (27648K), 2 survivors (2048K)
 Metaspace       used 137826K, capacity 143248K, committed 143792K, reserved 1173504K
  class space    used 17047K, capacity 19061K, committed 19276K, reserved 1048576K
}
Event: 4455.741 GC heap after
{Heap after GC invocations=100 (full 0):
 garbage-first heap   total 271360K, used 118573K [0x0000000080000000, 0x0000000100000000)
  region size 1024K, 6 young (6144K), 6 survivors (6144K)
 Metaspace       used 137826K, capacity 143248K, committed 143792K, reserved 1173504K
  class space    used 17047K, capacity 19061K, committed 19276K, reserved 1048576K
}
Event: 4456.086 GC heap before
{Heap before GC invocations=101 (full 0):
 garbage-first heap   total 271360K, used 181037K [0x0000000080000000, 0x0000000100000000)
  region size 1024K, 71 young (72704K), 6 survivors (6144K)
 Metaspace       used 137897K, capacity 143382K, committed 143792K, reserved 1173504K
  class space    used 17047K, capacity 19061K, committed 19276K, reserved 1048576K
}
Event: 4456.089 GC heap after
{Heap after GC invocations=102 (full 0):
 garbage-first heap   total 271360K, used 115849K [0x0000000080000000, 0x0000000100000000)
  region size 1024K, 4 young (4096K), 4 survivors (4096K)
 Metaspace       used 137897K, capacity 143382K, committed 143792K, reserved 1173504K
  class space    used 17047K, capacity 19061K, committed 19276K, reserved 1048576K
}
Event: 4479.682 GC heap before
{Heap before GC invocations=102 (full 0):
 garbage-first heap   total 271360K, used 145545K [0x0000000080000000, 0x0000000100000000)
  region size 1024K, 13 young (13312K), 4 survivors (4096K)
 Metaspace       used 137935K, capacity 143382K, committed 143792K, reserved 1173504K
  class space    used 17047K, capacity 19061K, committed 19276K, reserved 1048576K
}
Event: 4479.686 GC heap after
{Heap after GC invocations=103 (full 0):
 garbage-first heap   total 271360K, used 101594K [0x0000000080000000, 0x0000000100000000)
  region size 1024K, 2 young (2048K), 2 survivors (2048K)
 Metaspace       used 137935K, capacity 143382K, committed 143792K, reserved 1173504K
  class space    used 17047K, capacity 19061K, committed 19276K, reserved 1048576K
}

